<?xml version="1.0" encoding="UTF-8"?>
<!-- Generated by org.testng.reporters.JUnitReportReporter -->
<testsuite hostname="SAIBABA" failures="0" tests="3" name="selenium.tests.submitorder" time="23.397" errors="0" timestamp="2025-02-24T10:13:34 EST" skipped="0">
  <testcase classname="selenium.tests.submitorder" name="submitOrder" time="10.429"/>
  <system-out/>
  <testcase classname="selenium.tests.submitorder" name="submitOrder" time="7.991"/>
  <system-out/>
  <testcase classname="selenium.tests.submitorder" name="OrderHistoryTest" time="4.977"/>
  <system-out/>
</testsuite> <!-- selenium.tests.submitorder -->
