<?xml version="1.0" encoding="UTF-8"?>
<!-- Generated by org.testng.reporters.JUnitReportReporter -->
<testsuite hostname="SAIBABA" failures="0" tests="1" name="selenium.tests.ErrorValidations" time="5.692" errors="0" timestamp="2025-02-17T23:32:53 EST" skipped="0">
  <testcase classname="selenium.tests.ErrorValidations" name="submitOrder" time="5.692"/>
  <system-out/>
</testsuite> <!-- selenium.tests.ErrorValidations -->
