<?xml version="1.0" encoding="UTF-8"?>
<!-- Generated by org.testng.reporters.JUnitReportReporter -->
<testsuite hostname="SAIBABA" failures="0" tests="2" name="selenium.tests.ErrorValidationsTest" time="25.853" errors="0" timestamp="2025-02-24T10:13:34 EST" skipped="0">
  <testcase classname="selenium.tests.ErrorValidationsTest" name="LoginErrorValidation" time="9.504"/>
  <system-out/>
  <testcase classname="selenium.tests.ErrorValidationsTest" name="ProductErrorValidation" time="16.349"/>
  <system-out/>
</testsuite> <!-- selenium.tests.ErrorValidationsTest -->
