<?xml version="1.0" encoding="UTF-8"?>
<!-- Generated by org.testng.reporters.JUnitReportReporter -->
<testsuite hostname="SAIBABA" failures="0" tests="2" name="selenium.tests.ErrorValidationsTest" time="13.918" errors="0" timestamp="2025-02-24T14:42:49 EST" skipped="0">
  <testcase classname="selenium.tests.ErrorValidationsTest" name="LoginErrorValidation" time="7.205"/>
  <testcase classname="selenium.tests.ErrorValidationsTest" name="ProductErrorValidation" time="6.713"/>
</testsuite> <!-- selenium.tests.ErrorValidationsTest -->
