<?xml version="1.0" encoding="UTF-8"?>
<!-- Generated by org.testng.reporters.JUnitReportReporter -->
<testsuite hostname="SAIBABA" failures="0" tests="3" name="selenium.tests.submitorder" time="23.263" errors="0" timestamp="2025-02-24T14:42:49 EST" skipped="0">
  <testcase classname="selenium.tests.submitorder" name="submitOrder" time="7.777"/>
  <testcase classname="selenium.tests.submitorder" name="OrderHistoryTest" time="4.980"/>
  <testcase classname="selenium.tests.submitorder" name="submitOrder" time="10.506"/>
</testsuite> <!-- selenium.tests.submitorder -->
